<?xml version="1.0" encoding="UTF-8"?>
<!-- Generated by org.testng.reporters.JUnitReportReporter -->
<testsuite hostname="ennb016" name="multibrowsing.TestNGMultiBrowsing" tests="2" failures="0" timestamp="1 Sep 2019 13:41:15 GMT" time="2.021" errors="0">
  <testcase name="run" time="0.887" classname="multibrowsing.TestNGMultiBrowsing"/>
  <testcase name="run" time="1.134" classname="multibrowsing.TestNGMultiBrowsing"/>
</testsuite> <!-- multibrowsing.TestNGMultiBrowsing -->
