<?xml version="1.0" encoding="UTF-8"?>
<!-- Generated by org.testng.reporters.JUnitReportReporter -->
<testsuite hostname="ennb016" name="testNG_Demo.TestNG_Extentreport" tests="2" failures="0" timestamp="28 Aug 2019 19:54:23 GMT" time="18.480" errors="0">
  <testcase name="FF_Test" time="8.314" classname="testNG_Demo.TestNG_Extentreport"/>
  <testcase name="test_case1" time="10.166" classname="testNG_Demo.TestNG_Extentreport"/>
</testsuite> <!-- testNG_Demo.TestNG_Extentreport -->
