<?xml version="1.0" encoding="UTF-8"?>
<!-- Generated by org.testng.reporters.JUnitReportReporter -->
<testsuite hostname="ennb016" name="testNG_Demo.TestNG_GoogleSearch2" tests="1" failures="0" timestamp="30 Aug 2019 18:20:14 GMT" time="4.803" errors="0">
  <testcase name="SearchBMWFIZ" time="4.803" classname="testNG_Demo.TestNG_GoogleSearch2"/>
</testsuite> <!-- testNG_Demo.TestNG_GoogleSearch2 -->
