<?xml version="1.0" encoding="UTF-8"?>
<!-- Generated by org.testng.reporters.JUnitReportReporter -->
<testsuite hostname="ennb016" name="googlesearch_page.TestNGGroups" tests="5" failures="0" timestamp="1 Sep 2019 15:14:14 GMT" time="0.009" errors="0">
  <testcase name="test5" time="0.001" classname="googlesearch_page.TestNGGroups"/>
  <testcase name="test1" time="0.006" classname="googlesearch_page.TestNGGroups"/>
  <testcase name="test4" time="0.001" classname="googlesearch_page.TestNGGroups"/>
  <testcase name="test2" time="0.001" classname="googlesearch_page.TestNGGroups"/>
  <testcase name="test3" time="0.000" classname="googlesearch_page.TestNGGroups"/>
</testsuite> <!-- googlesearch_page.TestNGGroups -->
