<?xml version="1.0" encoding="UTF-8"?>
<!-- Generated by org.testng.reporters.JUnitReportReporter -->
<testsuite hostname="ennb016" name="googlesearch_page.TestNGIgnoretests" tests="1" failures="0" timestamp="2 Sep 2019 16:51:08 GMT" time="0.008" errors="0">
  <testcase name="test1" time="0.008" classname="googlesearch_page.TestNGIgnoretests"/>
</testsuite> <!-- googlesearch_page.TestNGIgnoretests -->
