<?xml version="1.0" encoding="UTF-8"?>
<!-- Generated by org.testng.reporters.JUnitReportReporter -->
<testsuite hostname="ennb016" name="googlesearch_page.Dependencies" tests="4" failures="0" timestamp="1 Sep 2019 15:40:12 GMT" time="0.007" errors="0">
  <testcase name="test3" time="0.000" classname="googlesearch_page.Dependencies"/>
  <testcase name="test2" time="0.007" classname="googlesearch_page.Dependencies"/>
  <testcase name="test1" time="0.000" classname="googlesearch_page.Dependencies"/>
  <testcase name="test4" time="0.000" classname="googlesearch_page.Dependencies"/>
</testsuite> <!-- googlesearch_page.Dependencies -->
