<?xml version="1.0" encoding="UTF-8"?>
<!-- Generated by org.testng.reporters.JUnitReportReporter -->
<testsuite hostname="ennb016" name="testNG_Demo.TestNG_GoogleSearch" tests="1" failures="0" timestamp="31 Aug 2019 12:45:01 GMT" time="4.164" errors="0">
  <testcase name="GoogleSearch" time="4.164" classname="testNG_Demo.TestNG_GoogleSearch"/>
</testsuite> <!-- testNG_Demo.TestNG_GoogleSearch -->
