<?xml version="1.0" encoding="UTF-8"?>
<!-- Generated by org.testng.reporters.JUnitReportReporter -->
<testsuite hostname="ennb016" name="utils.ExcelDataProvider" tests="4" failures="0" timestamp="31 Aug 2019 16:32:20 GMT" time="10.897" errors="0">
  <testcase name="test1" time="3.920" classname="utils.ExcelDataProvider"/>
  <testcase name="test1" time="2.321" classname="utils.ExcelDataProvider"/>
  <testcase name="test1" time="2.349" classname="utils.ExcelDataProvider"/>
  <testcase name="test1" time="2.307" classname="utils.ExcelDataProvider"/>
</testsuite> <!-- utils.ExcelDataProvider -->
