<?xml version="1.0" encoding="UTF-8"?>
<!-- Generated by org.testng.reporters.JUnitReportReporter -->
<testsuite hostname="ennb016" name="listeners.RetryingfailedTests" tests="2" failures="0" timestamp="2 Sep 2019 17:52:47 GMT" time="0.007" errors="0">
  <testcase name="test_case1" time="0.005" classname="listeners.RetryingfailedTests"/>
  <testcase name="test_case2" time="0.002" classname="listeners.RetryingfailedTests"/>
</testsuite> <!-- listeners.RetryingfailedTests -->
