<?xml version="1.0" encoding="UTF-8"?>
<!-- Generated by org.testng.reporters.JUnitReportReporter -->
<testsuite hostname="ennb016" name="testNG_Demo.DesiredCapabilities_demo" tests="1" failures="0" timestamp="29 Aug 2019 19:17:21 GMT" time="59.444" errors="0">
  <testcase name="Desired" time="59.444" classname="testNG_Demo.DesiredCapabilities_demo"/>
</testsuite> <!-- testNG_Demo.DesiredCapabilities_demo -->
